<?xml version="1.0" encoding="UTF-8"?>
<!-- Generated by org.testng.reporters.JUnitXMLReporter -->
<testsuite ignored="3" hostname="DESKTOP-2G9V72L" failures="0" tests="0" time="0.014" errors="0" timestamp="2021-12-12T21:12:48 IST">
  <testcase classname="testngproject.testngexescriptannotationswith" name="appTest" time="0.0">
    <ignored/>
  </testcase> <!-- appTest -->
  <testcase classname="testngproject.testngexe" name="login" time="0.0">
    <ignored/>
  </testcase> <!-- login -->
  <testcase classname="testngproject.testngexescriptannotationswith" name="loginfunction" time="0.0">
    <ignored/>
  </testcase> <!-- loginfunction -->
</testsuite>
